<?xml version="1.0" encoding="UTF-8" ?>
<testsuite errors="0" failures="1" hostname="eowyn" name="controlador.CanchaControllerTests" tests="1" time="3.044" timestamp="2013-06-25T21:04:36">
  <properties />
  <testcase classname="controlador.CanchaControllerTests" name="testSomething" time="2.828">
    <failure message="junit.framework.AssertionFailedError: Implement me" type="junit.framework.AssertionFailedError">junit.framework.AssertionFailedError: junit.framework.AssertionFailedError: Implement me
	at controlador.CanchaControllerTests.testSomething(CanchaControllerTests.groovy:15)
</failure>
  </testcase>
  <system-out><![CDATA[--Output from testSomething--
]]></system-out>
  <system-err><![CDATA[--Output from testSomething--
]]></system-err>
</testsuite>
