<?xml version="1.0" encoding="UTF-8" ?>
<testsuite errors="0" failures="1" hostname="eowyn" name="modelo.UsuarioTests" tests="1" time="0.126" timestamp="2013-06-25T21:04:46">
  <properties />
  <testcase classname="modelo.UsuarioTests" name="testSomething" time="0.123">
    <failure message="junit.framework.AssertionFailedError: Implement me" type="junit.framework.AssertionFailedError">junit.framework.AssertionFailedError: junit.framework.AssertionFailedError: Implement me
	at modelo.UsuarioTests.testSomething(UsuarioTests.groovy:15)
</failure>
  </testcase>
  <system-out><![CDATA[--Output from testSomething--
]]></system-out>
  <system-err><![CDATA[--Output from testSomething--
]]></system-err>
</testsuite>
