<?xml version="1.0" encoding="UTF-8" ?>
<testsuite errors="0" failures="1" hostname="eowyn" name="controlador.PermisoControllerTests" tests="1" time="1.106" timestamp="2013-06-25T21:04:40">
  <properties />
  <testcase classname="controlador.PermisoControllerTests" name="testSomething" time="0.269">
    <failure message="junit.framework.AssertionFailedError: Implement me" type="junit.framework.AssertionFailedError">junit.framework.AssertionFailedError: junit.framework.AssertionFailedError: Implement me
	at controlador.PermisoControllerTests.testSomething(PermisoControllerTests.groovy:15)
</failure>
  </testcase>
  <system-out><![CDATA[--Output from testSomething--
]]></system-out>
  <system-err><![CDATA[--Output from testSomething--
]]></system-err>
</testsuite>
