<?xml version="1.0" encoding="UTF-8" ?>
<testsuite errors="0" failures="1" hostname="eowyn" name="modelo.PermisoTests" tests="1" time="0.216" timestamp="2013-06-25T21:04:45">
  <properties />
  <testcase classname="modelo.PermisoTests" name="testSomething" time="0.095">
    <failure message="junit.framework.AssertionFailedError: Implement me" type="junit.framework.AssertionFailedError">junit.framework.AssertionFailedError: junit.framework.AssertionFailedError: Implement me
	at modelo.PermisoTests.testSomething(PermisoTests.groovy:15)
</failure>
  </testcase>
  <system-out><![CDATA[--Output from testSomething--
]]></system-out>
  <system-err><![CDATA[--Output from testSomething--
]]></system-err>
</testsuite>
